<?xml version="1.0" encoding="UTF-8"?>
<testng-results ignored="0" total="2" passed="2" failed="0" skipped="0">
  <reporter-output>
  </reporter-output>
  <suite started-at="2021-04-02T11:30:29Z" name="Suite" finished-at="2021-04-02T11:30:36Z" duration-ms="7371">
    <groups>
    </groups>
    <test started-at="2021-04-02T11:30:29Z" name="Test" finished-at="2021-04-02T11:30:36Z" duration-ms="7371">
      <class name="org.test.Blaze">
        <test-method is-config="true" signature="browserLaunch()[pri:0, instance:org.test.Blaze@75d3a5e0]" started-at="2021-04-02T11:30:29Z" name="browserLaunch" finished-at="2021-04-02T11:30:34Z" duration-ms="4835" status="PASS">
          <reporter-output>
          </reporter-output>
        </test-method> <!-- browserLaunch -->
        <test-method signature="tc0(java.lang.String, java.lang.String)[pri:0, instance:org.test.Blaze@75d3a5e0]" started-at="2021-04-02T11:30:34Z" name="tc0" finished-at="2021-04-02T11:30:35Z" duration-ms="1200" status="PASS">
          <params>
            <param index="0">
              <value>
                <![CDATA[Boston]]>
              </value>
            </param>
            <param index="1">
              <value>
                <![CDATA[Dublin]]>
              </value>
            </param>
          </params>
          <reporter-output>
          </reporter-output>
        </test-method> <!-- tc0 -->
        <test-method signature="tc1()[pri:0, instance:org.test.Blaze@75d3a5e0]" started-at="2021-04-02T11:30:35Z" name="tc1" finished-at="2021-04-02T11:30:36Z" duration-ms="1281" status="PASS">
          <reporter-output>
          </reporter-output>
        </test-method> <!-- tc1 -->
      </class> <!-- org.test.Blaze -->
    </test> <!-- Test -->
  </suite> <!-- Suite -->
</testng-results>
